<?xml version="1.0" encoding="UTF-8"?>
<!-- Generated by org.testng.reporters.JUnitXMLReporter -->
<testsuite hostname="DESKTOP-2R1KQ76" ignored="0" name="Test" tests="15" failures="1" timestamp="01 Jul 2017 12:39:05 GMT" time="95.89" errors="0">
  <testcase name="@AfterMethod postCondition" time="2.289" classname="com.eckovation.generic.BaseLib">
    <failure type="org.openqa.selenium.WebDriverException" message="chrome not reachable
  (Session info: chrome=59.0.3071.115)
  (Driver info: chromedriver=2.29.461591 (62ebf098771772160f391d75e589dc567915b233),platform=Windows NT 10.0.14393 x86_64) (WARNING: The server did not provide any stacktrace information)
Command duration or timeout: 2.26 seconds
Build info: version: &amp;apos;2.53.1&amp;apos;, revision: &amp;apos;a36b8b1&amp;apos;, time: &amp;apos;2016-06-30 17:37:03&amp;apos;
System info: host: &amp;apos;DESKTOP-2R1KQ76&amp;apos;, ip: &amp;apos;192.168.1.15&amp;apos;, os.name: &amp;apos;Windows 10&amp;apos;, os.arch: &amp;apos;amd64&amp;apos;, os.version: &amp;apos;10.0&amp;apos;, java.version: &amp;apos;1.8.0_131&amp;apos;
Driver info: org.openqa.selenium.chrome.ChromeDriver
Capabilities [{applicationCacheEnabled=false, rotatable=false, mobileEmulationEnabled=false, networkConnectionEnabled=false, chrome={chromedriverVersion=2.29.461591 (62ebf098771772160f391d75e589dc567915b233), userDataDir=C:\Users\yashs\AppData\Local\Temp\scoped_dir12332_6775}, takesHeapSnapshot=true, pageLoadStrategy=normal, databaseEnabled=false, handlesAlerts=true, hasTouchScreen=false, version=59.0.3071.115, platform=XP, browserConnectionEnabled=false, nativeEvents=true, acceptSslCerts=true, locationContextEnabled=true, webStorageEnabled=true, browserName=chrome, takesScreenshot=true, javascriptEnabled=true, cssSelectorsEnabled=true, unexpectedAlertBehaviour=}]
Session ID: d28d3163ec36b274b4d8618871215cc6">
      <![CDATA[org.openqa.selenium.WebDriverException: chrome not reachable
  (Session info: chrome=59.0.3071.115)
  (Driver info: chromedriver=2.29.461591 (62ebf098771772160f391d75e589dc567915b233),platform=Windows NT 10.0.14393 x86_64) (WARNING: The server did not provide any stacktrace information)
Command duration or timeout: 2.26 seconds
Build info: version: '2.53.1', revision: 'a36b8b1', time: '2016-06-30 17:37:03'
System info: host: 'DESKTOP-2R1KQ76', ip: '192.168.1.15', os.name: 'Windows 10', os.arch: 'amd64', os.version: '10.0', java.version: '1.8.0_131'
Driver info: org.openqa.selenium.chrome.ChromeDriver
Capabilities [{applicationCacheEnabled=false, rotatable=false, mobileEmulationEnabled=false, networkConnectionEnabled=false, chrome={chromedriverVersion=2.29.461591 (62ebf098771772160f391d75e589dc567915b233), userDataDir=C:\Users\yashs\AppData\Local\Temp\scoped_dir12332_6775}, takesHeapSnapshot=true, pageLoadStrategy=normal, databaseEnabled=false, handlesAlerts=true, hasTouchScreen=false, version=59.0.3071.115, platform=XP, browserConnectionEnabled=false, nativeEvents=true, acceptSslCerts=true, locationContextEnabled=true, webStorageEnabled=true, browserName=chrome, takesScreenshot=true, javascriptEnabled=true, cssSelectorsEnabled=true, unexpectedAlertBehaviour=}]
Session ID: d28d3163ec36b274b4d8618871215cc6
	at org.openqa.selenium.remote.ErrorHandler.createThrowable(ErrorHandler.java:206)
	at org.openqa.selenium.remote.ErrorHandler.throwIfResponseFailed(ErrorHandler.java:158)
	at org.openqa.selenium.remote.RemoteWebDriver.execute(RemoteWebDriver.java:678)
	at org.openqa.selenium.remote.RemoteWebDriver.execute(RemoteWebDriver.java:701)
	at org.openqa.selenium.remote.RemoteWebDriver.close(RemoteWebDriver.java:521)
	at com.eckovation.generic.BaseLib.postCondition(BaseLib.java:33)
... Removed 31 stack frames]]>
    </failure>
  </testcase> <!-- @AfterMethod postCondition -->
  <testcase name="@BeforeMethod preCondition" time="0.0" classname="com.eckovation.generic.BaseLib">
    <skipped/>
  </testcase> <!-- @BeforeMethod preCondition -->
  <testcase name="@BeforeMethod preCondition" time="0.0" classname="com.eckovation.generic.BaseLib">
    <skipped/>
  </testcase> <!-- @BeforeMethod preCondition -->
  <testcase name="@BeforeMethod preCondition" time="0.0" classname="com.eckovation.generic.BaseLib">
    <skipped/>
  </testcase> <!-- @BeforeMethod preCondition -->
  <testcase name="@BeforeMethod preCondition" time="0.0" classname="com.eckovation.generic.BaseLib">
    <skipped/>
  </testcase> <!-- @BeforeMethod preCondition -->
  <testcase name="@BeforeMethod preCondition" time="0.0" classname="com.eckovation.generic.BaseLib">
    <skipped/>
  </testcase> <!-- @BeforeMethod preCondition -->
  <testcase name="@BeforeMethod preCondition" time="0.0" classname="com.eckovation.generic.BaseLib">
    <skipped/>
  </testcase> <!-- @BeforeMethod preCondition -->
  <testcase name="@BeforeMethod preCondition" time="0.0" classname="com.eckovation.generic.BaseLib">
    <skipped/>
  </testcase> <!-- @BeforeMethod preCondition -->
  <testcase name="@BeforeMethod preCondition" time="0.0" classname="com.eckovation.generic.BaseLib">
    <skipped/>
  </testcase> <!-- @BeforeMethod preCondition -->
  <testcase name="@BeforeMethod preCondition" time="0.0" classname="com.eckovation.generic.BaseLib">
    <skipped/>
  </testcase> <!-- @BeforeMethod preCondition -->
  <testcase name="@BeforeMethod preCondition" time="0.0" classname="com.eckovation.generic.BaseLib">
    <skipped/>
  </testcase> <!-- @BeforeMethod preCondition -->
  <testcase name="@BeforeMethod preCondition" time="0.0" classname="com.eckovation.generic.BaseLib">
    <skipped/>
  </testcase> <!-- @BeforeMethod preCondition -->
  <testcase name="@BeforeMethod preCondition" time="0.0" classname="com.eckovation.generic.BaseLib">
    <skipped/>
  </testcase> <!-- @BeforeMethod preCondition -->
  <testcase name="@BeforeMethod preCondition" time="0.0" classname="com.eckovation.generic.BaseLib">
    <skipped/>
  </testcase> <!-- @BeforeMethod preCondition -->
  <testcase name="signUpTest" time="8.772" classname="com.eckovation.scripts.SignUpTest"/>
  <testcase name="signUpTest2" time="0.045" classname="com.eckovation.scripts.SignUpTest">
    <failure type="org.openqa.selenium.NoSuchWindowException" message="no such window: target window already closed
from unknown error: web view not found
  (Session info: chrome=59.0.3071.115)
  (Driver info: chromedriver=2.29.461591 (62ebf098771772160f391d75e589dc567915b233),platform=Windows NT 10.0.14393 x86_64) (WARNING: The server did not provide any stacktrace information)
Command duration or timeout: 5 milliseconds
Build info: version: &amp;apos;2.53.1&amp;apos;, revision: &amp;apos;a36b8b1&amp;apos;, time: &amp;apos;2016-06-30 17:37:03&amp;apos;
System info: host: &amp;apos;DESKTOP-2R1KQ76&amp;apos;, ip: &amp;apos;192.168.1.15&amp;apos;, os.name: &amp;apos;Windows 10&amp;apos;, os.arch: &amp;apos;amd64&amp;apos;, os.version: &amp;apos;10.0&amp;apos;, java.version: &amp;apos;1.8.0_131&amp;apos;
Driver info: org.openqa.selenium.chrome.ChromeDriver
Capabilities [{applicationCacheEnabled=false, rotatable=false, mobileEmulationEnabled=false, networkConnectionEnabled=false, chrome={chromedriverVersion=2.29.461591 (62ebf098771772160f391d75e589dc567915b233), userDataDir=C:\Users\yashs\AppData\Local\Temp\scoped_dir12332_6775}, takesHeapSnapshot=true, pageLoadStrategy=normal, databaseEnabled=false, handlesAlerts=true, hasTouchScreen=false, version=59.0.3071.115, platform=XP, browserConnectionEnabled=false, nativeEvents=true, acceptSslCerts=true, locationContextEnabled=true, webStorageEnabled=true, browserName=chrome, takesScreenshot=true, javascriptEnabled=true, cssSelectorsEnabled=true, unexpectedAlertBehaviour=}]
Session ID: d28d3163ec36b274b4d8618871215cc6
*** Element info: {Using=id, value=stp}">
      <![CDATA[org.openqa.selenium.NoSuchWindowException: no such window: target window already closed
from unknown error: web view not found
  (Session info: chrome=59.0.3071.115)
  (Driver info: chromedriver=2.29.461591 (62ebf098771772160f391d75e589dc567915b233),platform=Windows NT 10.0.14393 x86_64) (WARNING: The server did not provide any stacktrace information)
Command duration or timeout: 5 milliseconds
Build info: version: '2.53.1', revision: 'a36b8b1', time: '2016-06-30 17:37:03'
System info: host: 'DESKTOP-2R1KQ76', ip: '192.168.1.15', os.name: 'Windows 10', os.arch: 'amd64', os.version: '10.0', java.version: '1.8.0_131'
Driver info: org.openqa.selenium.chrome.ChromeDriver
Capabilities [{applicationCacheEnabled=false, rotatable=false, mobileEmulationEnabled=false, networkConnectionEnabled=false, chrome={chromedriverVersion=2.29.461591 (62ebf098771772160f391d75e589dc567915b233), userDataDir=C:\Users\yashs\AppData\Local\Temp\scoped_dir12332_6775}, takesHeapSnapshot=true, pageLoadStrategy=normal, databaseEnabled=false, handlesAlerts=true, hasTouchScreen=false, version=59.0.3071.115, platform=XP, browserConnectionEnabled=false, nativeEvents=true, acceptSslCerts=true, locationContextEnabled=true, webStorageEnabled=true, browserName=chrome, takesScreenshot=true, javascriptEnabled=true, cssSelectorsEnabled=true, unexpectedAlertBehaviour=}]
Session ID: d28d3163ec36b274b4d8618871215cc6
*** Element info: {Using=id, value=stp}
	at org.openqa.selenium.remote.ErrorHandler.createThrowable(ErrorHandler.java:206)
	at org.openqa.selenium.remote.ErrorHandler.throwIfResponseFailed(ErrorHandler.java:158)
	at org.openqa.selenium.remote.RemoteWebDriver.execute(RemoteWebDriver.java:678)
	at org.openqa.selenium.remote.RemoteWebDriver.findElement(RemoteWebDriver.java:363)
	at org.openqa.selenium.remote.RemoteWebDriver.findElementById(RemoteWebDriver.java:413)
	at org.openqa.selenium.By$ById.findElement(By.java:218)
	at org.openqa.selenium.remote.RemoteWebDriver.findElement(RemoteWebDriver.java:355)
	at org.openqa.selenium.support.pagefactory.DefaultElementLocator.findElement(DefaultElementLocator.java:69)
	at org.openqa.selenium.support.pagefactory.internal.LocatingElementHandler.invoke(LocatingElementHandler.java:38)
	at com.sun.proxy.$Proxy8.getTagName(Unknown Source)
	at org.openqa.selenium.support.ui.Select.<init>(Select.java:44)
	at com.eckovation.pageobjects.SignUpPage.signUp(SignUpPage.java:33)
	at com.eckovation.scripts.SignUpTest.signUpTest2(SignUpTest.java:29)
... Removed 29 stack frames]]>
    </failure>
  </testcase> <!-- signUpTest2 -->
  <testcase name="signUpTest3" time="0.0" classname="com.eckovation.scripts.SignUpTest">
    <skipped/>
  </testcase> <!-- signUpTest3 -->
  <testcase name="signUpTest4" time="0.0" classname="com.eckovation.scripts.SignUpTest">
    <skipped/>
  </testcase> <!-- signUpTest4 -->
  <testcase name="signUpTest5" time="0.0" classname="com.eckovation.scripts.SignUpTest">
    <skipped/>
  </testcase> <!-- signUpTest5 -->
  <testcase name="signUpTest6" time="0.0" classname="com.eckovation.scripts.SignUpTest">
    <skipped/>
  </testcase> <!-- signUpTest6 -->
  <testcase name="signUpTest7" time="0.0" classname="com.eckovation.scripts.SignUpTest">
    <skipped/>
  </testcase> <!-- signUpTest7 -->
  <testcase name="signUpTest8" time="0.0" classname="com.eckovation.scripts.SignUpTest">
    <skipped/>
  </testcase> <!-- signUpTest8 -->
  <testcase name="signUpTest9" time="0.0" classname="com.eckovation.scripts.SignUpTest">
    <skipped/>
  </testcase> <!-- signUpTest9 -->
  <testcase name="signUpTest10" time="0.0" classname="com.eckovation.scripts.SignUpTest">
    <skipped/>
  </testcase> <!-- signUpTest10 -->
  <testcase name="signUpTest11" time="0.0" classname="com.eckovation.scripts.SignUpTest">
    <skipped/>
  </testcase> <!-- signUpTest11 -->
  <testcase name="signUpTest12" time="0.0" classname="com.eckovation.scripts.SignUpTest">
    <skipped/>
  </testcase> <!-- signUpTest12 -->
  <testcase name="signUpTest13" time="0.0" classname="com.eckovation.scripts.SignUpTest">
    <skipped/>
  </testcase> <!-- signUpTest13 -->
  <testcase name="signUpTest14" time="0.0" classname="com.eckovation.scripts.SignUpTest">
    <skipped/>
  </testcase> <!-- signUpTest14 -->
  <testcase name="signUpTest15" time="0.0" classname="com.eckovation.scripts.SignUpTest">
    <skipped/>
  </testcase> <!-- signUpTest15 -->
</testsuite> <!-- Test -->
